<?xml version="1.0" encoding="UTF-8"?>
<!-- Generated by org.testng.reporters.JUnitReportReporter -->
<testsuite hostname="DESKTOP-2OG98HI" failures="0" tests="3" name="com.Testing.TestNGPractice.LoginTest" time="23.579" errors="0" timestamp="2026-03-07T20:04:18 IST" skipped="0">
  <testcase classname="com.Testing.TestNGPractice.LoginTest" name="openFacebook" time="4.804"/>
  <testcase classname="com.Testing.TestNGPractice.LoginTest" name="openGoogle" time="12.282"/>
  <testcase classname="com.Testing.TestNGPractice.LoginTest" name="openAmazon" time="6.493"/>
</testsuite> <!-- com.Testing.TestNGPractice.LoginTest -->
